Using pre-set license
Built from '2020.3/staging' branch; Version is '2020.3.6f1 (338bb68529b2) revision 3378102'; Using compiler version '192528614'; Build Type 'Release'
OS: 'Windows 10 Pro; OS build 19043.1288; Version 2009; 64bit' Language: 'it' Physical Memory: 16153 MB
BatchMode: 1, IsHumanControllingUs: 0, StartBugReporterOnCrash: 0, Is64bit: 1, IsPro: 0

 COMMAND LINE ARGUMENTS:
C:\Program Files\Versioni di Unity\2020.3.6f1\Editor\Unity.exe
-adb2
-batchMode
-noUpm
-name
AssetImportWorker2
-projectPath
C:/Users/stefa/Documents/GitHub/Programming Theory Project
-logFile
Logs/AssetImportWorker2.log
-srvPort
63289
Successfully changed project path to: C:/Users/stefa/Documents/GitHub/Programming Theory Project
C:/Users/stefa/Documents/GitHub/Programming Theory Project
Using Asset Import Pipeline V2.
Refreshing native plugins compatible for Editor in 42.01 ms, found 0 plugins.
Preloading 0 native plugins for Editor in 0.00 ms.
Initialize engine version: 2020.3.6f1 (338bb68529b2)
[Subsystems] Discovering subsystems at path C:/Program Files/Versioni di Unity/2020.3.6f1/Editor/Data/Resources/UnitySubsystems
[Subsystems] Discovering subsystems at path C:/Users/stefa/Documents/GitHub/Programming Theory Project/Assets
GfxDevice: creating device client; threaded=0
Direct3D:
    Version:  Direct3D 11.0 [level 11.1]
    Renderer: NVIDIA GeForce RTX 2060 with Max-Q Design (ID=0x1f12)
    Vendor:   
    VRAM:     5980 MB
    Driver:   27.21.14.6280
Initialize mono
Mono path[0] = 'C:/Program Files/Versioni di Unity/2020.3.6f1/Editor/Data/Managed'
Mono path[1] = 'C:/Program Files/Versioni di Unity/2020.3.6f1/Editor/Data/MonoBleedingEdge/lib/mono/unityjit'
Mono config path = 'C:/Program Files/Versioni di Unity/2020.3.6f1/Editor/Data/MonoBleedingEdge/etc'
Using monoOptions --debugger-agent=transport=dt_socket,embedding=1,server=y,suspend=n,address=127.0.0.1:56848
Begin MonoManager ReloadAssembly
Registering precompiled unity dll's ...
Register platform support module: C:/Program Files/Versioni di Unity/2020.3.6f1/Editor/Data/PlaybackEngines/WebGLSupport/UnityEditor.WebGL.Extensions.dll
Register platform support module: C:/Program Files/Versioni di Unity/2020.3.6f1/Editor/Data/PlaybackEngines/WindowsStandaloneSupport/UnityEditor.WindowsStandalone.Extensions.dll
Register platform support module: C:/Program Files/Versioni di Unity/2020.3.6f1/Editor/Data/PlaybackEngines/LinuxStandaloneSupport/UnityEditor.LinuxStandalone.Extensions.dll
Registered in 0.003915 seconds.
Native extension for LinuxStandalone target not found
Native extension for WindowsStandalone target not found
Native extension for WebGL target not found
Refreshing native plugins compatible for Editor in 40.76 ms, found 0 plugins.
Preloading 0 native plugins for Editor in 0.00 ms.
Mono: successfully reloaded assembly
- Completed reload, in  3.030 seconds
Platform modules already initialized, skipping
Registering precompiled user dll's ...
Registered in 0.001029 seconds.
Begin MonoManager ReloadAssembly
Native extension for LinuxStandalone target not found
Native extension for WindowsStandalone target not found
Native extension for WebGL target not found
Refreshing native plugins compatible for Editor in 0.27 ms, found 0 plugins.
Preloading 0 native plugins for Editor in 0.00 ms.
Mono: successfully reloaded assembly
- Completed reload, in  1.103 seconds
Platform modules already initialized, skipping
========================================================================
Worker process is ready to serve import requests
Launched and connected shader compiler UnityShaderCompiler.exe after 0.05 seconds
Refreshing native plugins compatible for Editor in 0.32 ms, found 0 plugins.
Preloading 0 native plugins for Editor in 0.00 ms.
Unloading 1136 Unused Serialized files (Serialized files now loaded: 0)
System memory in use before: 60.4 MB.
System memory in use after: 60.4 MB.

Unloading 10 unused Assets to reduce memory usage. Loaded Objects now: 1585.
Total: 2.894200 ms (FindLiveObjects: 0.153700 ms CreateObjectMapping: 0.068000 ms MarkObjects: 2.542200 ms  DeleteObjects: 0.129100 ms)

========================================================================
Received Import Request.
  path: Assets/Scenes/MainMenu.unity
  artifactKey: Guid(9fc0d4010bbf28b4594072e72b8655ab) Importer(815301076,1909f56bfc062723c751e8b465ee728b)
Start importing Assets/Scenes/MainMenu.unity using Guid(9fc0d4010bbf28b4594072e72b8655ab) Importer(815301076,1909f56bfc062723c751e8b465ee728b)  -> (artifact id: '96a0dcf59f8c2040e785e2ed37e7d392') in 0.016985 seconds
  Import took 0.019463 seconds .

========================================================================
Received Prepare
Registering precompiled user dll's ...
Registered in 0.000639 seconds.
Begin MonoManager ReloadAssembly
Native extension for LinuxStandalone target not found
Native extension for WindowsStandalone target not found
Native extension for WebGL target not found
Refreshing native plugins compatible for Editor in 0.31 ms, found 0 plugins.
Preloading 0 native plugins for Editor in 0.00 ms.
Mono: successfully reloaded assembly
- Completed reload, in  1.117 seconds
Platform modules already initialized, skipping
Refreshing native plugins compatible for Editor in 0.32 ms, found 0 plugins.
Preloading 0 native plugins for Editor in 0.00 ms.
Unloading 1117 Unused Serialized files (Serialized files now loaded: 0)
System memory in use before: 58.9 MB.
System memory in use after: 59.0 MB.

Unloading 5 unused Assets to reduce memory usage. Loaded Objects now: 1588.
Total: 3.164000 ms (FindLiveObjects: 0.474300 ms CreateObjectMapping: 0.071000 ms MarkObjects: 2.502800 ms  DeleteObjects: 0.113700 ms)

========================================================================
Received Import Request.
  Time since last request: 66.581993 seconds.
  path: Assets/Scenes/MainMenu.unity
  artifactKey: Guid(9fc0d4010bbf28b4594072e72b8655ab) Importer(815301076,1909f56bfc062723c751e8b465ee728b)
Start importing Assets/Scenes/MainMenu.unity using Guid(9fc0d4010bbf28b4594072e72b8655ab) Importer(815301076,1909f56bfc062723c751e8b465ee728b)  -> (artifact id: '58cf6b0b60e2f6baeb65da44187dc670') in 0.022196 seconds
  Import took 0.024768 seconds .

========================================================================
Received Import Request.
  Time since last request: 1.574826 seconds.
  path: Assets/Scenes/Main.unity
  artifactKey: Guid(f64decd74b0bede41877159155f55878) Importer(815301076,1909f56bfc062723c751e8b465ee728b)
Start importing Assets/Scenes/Main.unity using Guid(f64decd74b0bede41877159155f55878) Importer(815301076,1909f56bfc062723c751e8b465ee728b)  -> (artifact id: '6f2a79c18acc83158416f96de7128532') in 0.007812 seconds
  Import took 0.010665 seconds .

========================================================================
Received Import Request.
  Time since last request: 25.223047 seconds.
  path: Assets/Course Library/Audio/Sound Effects
  artifactKey: Guid(f457949875abd4cc7aa79922ae1630ca) Importer(815301076,1909f56bfc062723c751e8b465ee728b)
Start importing Assets/Course Library/Audio/Sound Effects using Guid(f457949875abd4cc7aa79922ae1630ca) Importer(815301076,1909f56bfc062723c751e8b465ee728b)  -> (artifact id: '98022d02efb5f0f1516cf8d4e8f73850') in 0.015286 seconds
  Import took 0.017844 seconds .

========================================================================
Received Import Request.
  Time since last request: 2.195697 seconds.
  path: Assets/Course Library/Audio/Sound Effects/Gameplay
  artifactKey: Guid(efd55b8d857b64d298bfeedb4f66da5d) Importer(815301076,1909f56bfc062723c751e8b465ee728b)
Start importing Assets/Course Library/Audio/Sound Effects/Gameplay using Guid(efd55b8d857b64d298bfeedb4f66da5d) Importer(815301076,1909f56bfc062723c751e8b465ee728b)  -> (artifact id: '74844eb0016d26f12f489251f626a915') in 0.016852 seconds
  Import took 0.019990 seconds .

========================================================================
Received Import Request.
  Time since last request: 0.073608 seconds.
  path: Assets/Course Library/Audio/Sound Effects/Gameplay/Blip_C_01_8-Bit_11025Hz.wav
  artifactKey: Guid(ca7aececce7aa48e0bc07b33d575a5f1) Importer(815301076,1909f56bfc062723c751e8b465ee728b)
Start importing Assets/Course Library/Audio/Sound Effects/Gameplay/Blip_C_01_8-Bit_11025Hz.wav using Guid(ca7aececce7aa48e0bc07b33d575a5f1) Importer(815301076,1909f56bfc062723c751e8b465ee728b)  -> (artifact id: '21165f4dac3ba1115303c774279f8b78') in 0.160585 seconds
  Import took 0.162931 seconds .

========================================================================
Received Import Request.
  Time since last request: 0.000279 seconds.
  path: Assets/Course Library/Audio/Sound Effects/Gameplay/Sensor 01_8-Bit_11025Hz.wav
  artifactKey: Guid(defa821b9870a4f3daf2db62ae1a43f2) Importer(815301076,1909f56bfc062723c751e8b465ee728b)
Start importing Assets/Course Library/Audio/Sound Effects/Gameplay/Sensor 01_8-Bit_11025Hz.wav using Guid(defa821b9870a4f3daf2db62ae1a43f2) Importer(815301076,1909f56bfc062723c751e8b465ee728b)  -> (artifact id: '6dd993016b058b8bd33e29c655374cdd') in 0.025394 seconds
  Import took 0.028081 seconds .

========================================================================
Received Import Request.
  Time since last request: 0.000250 seconds.
  path: Assets/Course Library/Audio/Sound Effects/Gameplay/Hurt_C_02_8-Bit_11025Hz.wav
  artifactKey: Guid(10bcc8db66ee64c21901ab11ce282dea) Importer(815301076,1909f56bfc062723c751e8b465ee728b)
Start importing Assets/Course Library/Audio/Sound Effects/Gameplay/Hurt_C_02_8-Bit_11025Hz.wav using Guid(10bcc8db66ee64c21901ab11ce282dea) Importer(815301076,1909f56bfc062723c751e8b465ee728b)  -> (artifact id: '1e9fea46e273b7a1d3956da56fe35c1e') in 0.026391 seconds
  Import took 0.029103 seconds .

========================================================================
Received Import Request.
  Time since last request: 0.000235 seconds.
  path: Assets/Course Library/Audio/Sound Effects/Gameplay/Loading 02_8-Bit_11025Hz.wav
  artifactKey: Guid(15d7c727e8b9d4d909758851d8cc7cac) Importer(815301076,1909f56bfc062723c751e8b465ee728b)
Start importing Assets/Course Library/Audio/Sound Effects/Gameplay/Loading 02_8-Bit_11025Hz.wav using Guid(15d7c727e8b9d4d909758851d8cc7cac) Importer(815301076,1909f56bfc062723c751e8b465ee728b)  -> (artifact id: '4f922c2c00b79311e3d85256fe2c2b39') in 0.025674 seconds
  Import took 0.028249 seconds .

========================================================================
Received Import Request.
  Time since last request: 0.000291 seconds.
  path: Assets/Course Library/Audio/Sound Effects/Gameplay/Zap_C_04_8-Bit_11025Hz.wav
  artifactKey: Guid(18d4210d0f2554e3cad29a15c383c222) Importer(815301076,1909f56bfc062723c751e8b465ee728b)
Start importing Assets/Course Library/Audio/Sound Effects/Gameplay/Zap_C_04_8-Bit_11025Hz.wav using Guid(18d4210d0f2554e3cad29a15c383c222) Importer(815301076,1909f56bfc062723c751e8b465ee728b)  -> (artifact id: 'dc2ad1c9b37b4b7cf7c2ac7a0b086061') in 0.025813 seconds
  Import took 0.028477 seconds .

========================================================================
Received Import Request.
  Time since last request: 0.000218 seconds.
  path: Assets/Course Library/Audio/Sound Effects/Gameplay/Blip_C_05_8-Bit_11025Hz.wav
  artifactKey: Guid(72879285ded844717bde060c8c6c6128) Importer(815301076,1909f56bfc062723c751e8b465ee728b)
Start importing Assets/Course Library/Audio/Sound Effects/Gameplay/Blip_C_05_8-Bit_11025Hz.wav using Guid(72879285ded844717bde060c8c6c6128) Importer(815301076,1909f56bfc062723c751e8b465ee728b)  -> (artifact id: 'e743a28955181df9f19c4a5bf0f6dc40') in 0.024855 seconds
  Import took 0.027614 seconds .

========================================================================
Received Import Request.
  Time since last request: 0.000324 seconds.
  path: Assets/Course Library/Audio/Sound Effects/Gameplay/Sensor 02_8-Bit_11025Hz.wav
  artifactKey: Guid(6563800e1713440c4b57941d04899f5f) Importer(815301076,1909f56bfc062723c751e8b465ee728b)
Start importing Assets/Course Library/Audio/Sound Effects/Gameplay/Sensor 02_8-Bit_11025Hz.wav using Guid(6563800e1713440c4b57941d04899f5f) Importer(815301076,1909f56bfc062723c751e8b465ee728b)  -> (artifact id: '40e2c498465b7b5c4a168902c451d8a3') in 0.025810 seconds
  Import took 0.028838 seconds .

========================================================================
Received Import Request.
  Time since last request: 0.000395 seconds.
  path: Assets/Course Library/Audio/Sound Effects/Gameplay/Blip_C_06_8-Bit_11025Hz.wav
  artifactKey: Guid(fc8c7aa9892294b0fb6b98d1063fbbe4) Importer(815301076,1909f56bfc062723c751e8b465ee728b)
Start importing Assets/Course Library/Audio/Sound Effects/Gameplay/Blip_C_06_8-Bit_11025Hz.wav using Guid(fc8c7aa9892294b0fb6b98d1063fbbe4) Importer(815301076,1909f56bfc062723c751e8b465ee728b)  -> (artifact id: 'e0ee1e65932ee416f370b657a0d3426e') in 0.031837 seconds
  Import took 0.034718 seconds .

========================================================================
Received Import Request.
  Time since last request: 0.000225 seconds.
  path: Assets/Course Library/Audio/Sound Effects/Gameplay/Blip_C_03_8-Bit_11025Hz.wav
  artifactKey: Guid(f928159802e324af2b95417fa6ce3fdf) Importer(815301076,1909f56bfc062723c751e8b465ee728b)
Start importing Assets/Course Library/Audio/Sound Effects/Gameplay/Blip_C_03_8-Bit_11025Hz.wav using Guid(f928159802e324af2b95417fa6ce3fdf) Importer(815301076,1909f56bfc062723c751e8b465ee728b)  -> (artifact id: '24e193fea5e92344dfd4a956ebdfe48e') in 0.023562 seconds
  Import took 0.026257 seconds .

========================================================================
Received Import Request.
  Time since last request: 0.000479 seconds.
  path: Assets/Course Library/Audio/Sound Effects/Gameplay/Blip_C_07_8-Bit_11025Hz.wav
  artifactKey: Guid(6f1637b41d770415d9d1e6a33a1db4c8) Importer(815301076,1909f56bfc062723c751e8b465ee728b)
Start importing Assets/Course Library/Audio/Sound Effects/Gameplay/Blip_C_07_8-Bit_11025Hz.wav using Guid(6f1637b41d770415d9d1e6a33a1db4c8) Importer(815301076,1909f56bfc062723c751e8b465ee728b)  -> (artifact id: 'ad1f409ec774a38b937f7cdd1bfd6052') in 0.023744 seconds
  Import took 0.026534 seconds .

========================================================================
Received Import Request.
  Time since last request: 0.000331 seconds.
  path: Assets/Course Library/Audio/Sound Effects/Gameplay/Hurt_C_04_8-Bit_11025Hz.wav
  artifactKey: Guid(95fd0f6e4593b4e09b3d513839039d96) Importer(815301076,1909f56bfc062723c751e8b465ee728b)
Start importing Assets/Course Library/Audio/Sound Effects/Gameplay/Hurt_C_04_8-Bit_11025Hz.wav using Guid(95fd0f6e4593b4e09b3d513839039d96) Importer(815301076,1909f56bfc062723c751e8b465ee728b)  -> (artifact id: '946283e29903a4b3ea1be58a97f7b1dd') in 0.029836 seconds
  Import took 0.033820 seconds .

========================================================================
Received Import Request.
  Time since last request: 0.000298 seconds.
  path: Assets/Course Library/Audio/Sound Effects/Gameplay/Loading 03_8-Bit_11025Hz.wav
  artifactKey: Guid(89a28b51a44df4bf18817cf9641602be) Importer(815301076,1909f56bfc062723c751e8b465ee728b)
Start importing Assets/Course Library/Audio/Sound Effects/Gameplay/Loading 03_8-Bit_11025Hz.wav using Guid(89a28b51a44df4bf18817cf9641602be) Importer(815301076,1909f56bfc062723c751e8b465ee728b)  -> (artifact id: '7d8ed8c150a1b0894a942aedda868928') in 0.025994 seconds
  Import took 0.029457 seconds .

========================================================================
Received Import Request.
  Time since last request: 0.000310 seconds.
  path: Assets/Course Library/Audio/Sound Effects/Gameplay/Boom_C_01_8-Bit_11025Hz.wav
  artifactKey: Guid(2a921313c927f45238a0b8baabe3ab12) Importer(815301076,1909f56bfc062723c751e8b465ee728b)
Start importing Assets/Course Library/Audio/Sound Effects/Gameplay/Boom_C_01_8-Bit_11025Hz.wav using Guid(2a921313c927f45238a0b8baabe3ab12) Importer(815301076,1909f56bfc062723c751e8b465ee728b)  -> (artifact id: '3b4c8ea31f3dfab6a1940dd87fa8af95') in 0.024650 seconds
  Import took 0.027633 seconds .

========================================================================
Received Import Request.
  Time since last request: 0.000274 seconds.
  path: Assets/Course Library/Audio/Sound Effects/Gameplay/Blip_C_04_8-Bit_11025Hz.wav
  artifactKey: Guid(9ee6fa16d1507404dbad73bc796dd25c) Importer(815301076,1909f56bfc062723c751e8b465ee728b)
Start importing Assets/Course Library/Audio/Sound Effects/Gameplay/Blip_C_04_8-Bit_11025Hz.wav using Guid(9ee6fa16d1507404dbad73bc796dd25c) Importer(815301076,1909f56bfc062723c751e8b465ee728b)  -> (artifact id: 'c1df40d83df31dda9fa9f36538abf908') in 0.024699 seconds
  Import took 0.027559 seconds .

========================================================================
Received Import Request.
  Time since last request: 0.000224 seconds.
  path: Assets/Course Library/Audio/Sound Effects/Gameplay/Blip_C_08_8-Bit_11025Hz.wav
  artifactKey: Guid(63cf76284fcc3490da472b96e723eb53) Importer(815301076,1909f56bfc062723c751e8b465ee728b)
Start importing Assets/Course Library/Audio/Sound Effects/Gameplay/Blip_C_08_8-Bit_11025Hz.wav using Guid(63cf76284fcc3490da472b96e723eb53) Importer(815301076,1909f56bfc062723c751e8b465ee728b)  -> (artifact id: 'd127d879cb23f724ee97b0d2043f3bee') in 0.024913 seconds
  Import took 0.028198 seconds .

========================================================================
Received Import Request.
  Time since last request: 0.000472 seconds.
  path: Assets/Course Library/Audio/Sound Effects/Gameplay/Zap_C_09_8-Bit_11025Hz.wav
  artifactKey: Guid(69575d593f4524383ac9225744c1bc56) Importer(815301076,1909f56bfc062723c751e8b465ee728b)
Start importing Assets/Course Library/Audio/Sound Effects/Gameplay/Zap_C_09_8-Bit_11025Hz.wav using Guid(69575d593f4524383ac9225744c1bc56) Importer(815301076,1909f56bfc062723c751e8b465ee728b)  -> (artifact id: '2917427e6b5499be551f6b4de4f7cc63') in 0.029502 seconds
  Import took 0.032999 seconds .

========================================================================
Received Import Request.
  Time since last request: 0.000292 seconds.
  path: Assets/Course Library/Audio/Sound Effects/Gameplay/Zap_C_02_8-Bit_11025Hz.wav
  artifactKey: Guid(31fce46de4adb42a9904d8d68bde62f2) Importer(815301076,1909f56bfc062723c751e8b465ee728b)
Start importing Assets/Course Library/Audio/Sound Effects/Gameplay/Zap_C_02_8-Bit_11025Hz.wav using Guid(31fce46de4adb42a9904d8d68bde62f2) Importer(815301076,1909f56bfc062723c751e8b465ee728b)  -> (artifact id: '636c59daf10adea917a84f47f6e63156') in 0.027856 seconds
  Import took 0.030462 seconds .

========================================================================
Received Import Request.
  Time since last request: 0.000250 seconds.
  path: Assets/Course Library/Audio/Sound Effects/Gameplay/Zap_C_05_8-Bit_11025Hz.wav
  artifactKey: Guid(905e1af2b37fa452c829ae0edd42add1) Importer(815301076,1909f56bfc062723c751e8b465ee728b)
Start importing Assets/Course Library/Audio/Sound Effects/Gameplay/Zap_C_05_8-Bit_11025Hz.wav using Guid(905e1af2b37fa452c829ae0edd42add1) Importer(815301076,1909f56bfc062723c751e8b465ee728b)  -> (artifact id: '69976457481004fd50a465a77914f90b') in 0.023835 seconds
  Import took 0.026747 seconds .

========================================================================
Received Import Request.
  Time since last request: 0.000244 seconds.
  path: Assets/Course Library/Audio/Sound Effects/Gameplay/Hurt_C_05_8-Bit_11025Hz.wav
  artifactKey: Guid(6148a3565030f4ad4bf1d52a57fc3c7f) Importer(815301076,1909f56bfc062723c751e8b465ee728b)
Start importing Assets/Course Library/Audio/Sound Effects/Gameplay/Hurt_C_05_8-Bit_11025Hz.wav using Guid(6148a3565030f4ad4bf1d52a57fc3c7f) Importer(815301076,1909f56bfc062723c751e8b465ee728b)  -> (artifact id: '4e5dd84ea9dcb137f426198d4920419a') in 0.027617 seconds
  Import took 0.030406 seconds .

========================================================================
Received Import Request.
  Time since last request: 0.000247 seconds.
  path: Assets/Course Library/Audio/Sound Effects/Gameplay/Hurt_C_01_8-Bit_11025Hz.wav
  artifactKey: Guid(7c2de8e149d8346748fb31ed14cc7986) Importer(815301076,1909f56bfc062723c751e8b465ee728b)
Start importing Assets/Course Library/Audio/Sound Effects/Gameplay/Hurt_C_01_8-Bit_11025Hz.wav using Guid(7c2de8e149d8346748fb31ed14cc7986) Importer(815301076,1909f56bfc062723c751e8b465ee728b)  -> (artifact id: 'e1f005ad0b4c23fdc75181c607dd1a63') in 0.024394 seconds
  Import took 0.027609 seconds .

========================================================================
Received Import Request.
  Time since last request: 0.000312 seconds.
  path: Assets/Course Library/Audio/Sound Effects/Gameplay/Loading 01_8-Bit_11025Hz.wav
  artifactKey: Guid(256e94d7cc7d148fc9da89570896ac37) Importer(815301076,1909f56bfc062723c751e8b465ee728b)
Start importing Assets/Course Library/Audio/Sound Effects/Gameplay/Loading 01_8-Bit_11025Hz.wav using Guid(256e94d7cc7d148fc9da89570896ac37) Importer(815301076,1909f56bfc062723c751e8b465ee728b)  -> (artifact id: 'e03093147c18f0d16ecfc6ec88cca720') in 0.026924 seconds
  Import took 0.029717 seconds .

========================================================================
Received Import Request.
  Time since last request: 0.000269 seconds.
  path: Assets/Course Library/Audio/Sound Effects/Gameplay/Hurt_C_03_8-Bit_11025Hz.wav
  artifactKey: Guid(c48a2cb005c3740479e41b9df734b2ad) Importer(815301076,1909f56bfc062723c751e8b465ee728b)
Start importing Assets/Course Library/Audio/Sound Effects/Gameplay/Hurt_C_03_8-Bit_11025Hz.wav using Guid(c48a2cb005c3740479e41b9df734b2ad) Importer(815301076,1909f56bfc062723c751e8b465ee728b)  -> (artifact id: 'ce1fe9e396a3fe14f36b1efb1a788194') in 0.024082 seconds
  Import took 0.026676 seconds .

========================================================================
Received Import Request.
  Time since last request: 0.000249 seconds.
  path: Assets/Course Library/Audio/Sound Effects/Gameplay/Boom_C_08_8-Bit_11025Hz.wav
  artifactKey: Guid(ad1e7e92faf364edea5027d7c47ed724) Importer(815301076,1909f56bfc062723c751e8b465ee728b)
Start importing Assets/Course Library/Audio/Sound Effects/Gameplay/Boom_C_08_8-Bit_11025Hz.wav using Guid(ad1e7e92faf364edea5027d7c47ed724) Importer(815301076,1909f56bfc062723c751e8b465ee728b)  -> (artifact id: 'f25505605ec2afa055366319bd38b430') in 0.025782 seconds
  Import took 0.029381 seconds .

========================================================================
Received Import Request.
  Time since last request: 0.000367 seconds.
  path: Assets/Course Library/Audio/Sound Effects/Gameplay/Boom_C_06_8-Bit_11025Hz.wav
  artifactKey: Guid(af2b012ecebc34a91b65a0351bd46cc7) Importer(815301076,1909f56bfc062723c751e8b465ee728b)
Start importing Assets/Course Library/Audio/Sound Effects/Gameplay/Boom_C_06_8-Bit_11025Hz.wav using Guid(af2b012ecebc34a91b65a0351bd46cc7) Importer(815301076,1909f56bfc062723c751e8b465ee728b)  -> (artifact id: '74652e7085e1af23c86d139b8e8dc121') in 0.024526 seconds
  Import took 0.027172 seconds .

========================================================================
Received Import Request.
  Time since last request: 0.000274 seconds.
  path: Assets/Course Library/Audio/Sound Effects/Gameplay/Boom_C_09_8-Bit_11025Hz.wav
  artifactKey: Guid(86e4d514bc68143ff95357c93ddf0525) Importer(815301076,1909f56bfc062723c751e8b465ee728b)
Start importing Assets/Course Library/Audio/Sound Effects/Gameplay/Boom_C_09_8-Bit_11025Hz.wav using Guid(86e4d514bc68143ff95357c93ddf0525) Importer(815301076,1909f56bfc062723c751e8b465ee728b)  -> (artifact id: '7bda9461fd2e7058c49b9b3b6ef588ec') in 0.024575 seconds
  Import took 0.027185 seconds .

========================================================================
Received Import Request.
  Time since last request: 0.000221 seconds.
  path: Assets/Course Library/Audio/Sound Effects/Gameplay/Hurt_C_09_8-Bit_11025Hz.wav
  artifactKey: Guid(430a890fb607d471db897c36240711fa) Importer(815301076,1909f56bfc062723c751e8b465ee728b)
Start importing Assets/Course Library/Audio/Sound Effects/Gameplay/Hurt_C_09_8-Bit_11025Hz.wav using Guid(430a890fb607d471db897c36240711fa) Importer(815301076,1909f56bfc062723c751e8b465ee728b)  -> (artifact id: 'f035c305576c7fcb1836a47f4c62e9e7') in 0.028245 seconds
  Import took 0.031063 seconds .

========================================================================
Received Import Request.
  Time since last request: 0.000224 seconds.
  path: Assets/Course Library/Audio/Sound Effects/Gameplay/Blip_C_02_8-Bit_11025Hz.wav
  artifactKey: Guid(67357478fa899460198f84822b54cc8d) Importer(815301076,1909f56bfc062723c751e8b465ee728b)
Start importing Assets/Course Library/Audio/Sound Effects/Gameplay/Blip_C_02_8-Bit_11025Hz.wav using Guid(67357478fa899460198f84822b54cc8d) Importer(815301076,1909f56bfc062723c751e8b465ee728b)  -> (artifact id: '069c7c456bae147a72054b52fa46ca13') in 0.025684 seconds
  Import took 0.029125 seconds .

========================================================================
Received Import Request.
  Time since last request: 0.000320 seconds.
  path: Assets/Course Library/Audio/Sound Effects/Gameplay/Hurt_C_08_8-Bit_11025Hz.wav
  artifactKey: Guid(2662a34448ad7451dbb0fcc4c936754a) Importer(815301076,1909f56bfc062723c751e8b465ee728b)
Start importing Assets/Course Library/Audio/Sound Effects/Gameplay/Hurt_C_08_8-Bit_11025Hz.wav using Guid(2662a34448ad7451dbb0fcc4c936754a) Importer(815301076,1909f56bfc062723c751e8b465ee728b)  -> (artifact id: '32004cea28d5b67307e56993e99e17a3') in 0.025457 seconds
  Import took 0.028336 seconds .

========================================================================
Received Import Request.
  Time since last request: 0.000240 seconds.
  path: Assets/Course Library/Audio/Sound Effects/Gameplay/Loading 04_8-Bit_11025Hz.wav
  artifactKey: Guid(55643213d634c46c3bfb79c8289a6c29) Importer(815301076,1909f56bfc062723c751e8b465ee728b)
Start importing Assets/Course Library/Audio/Sound Effects/Gameplay/Loading 04_8-Bit_11025Hz.wav using Guid(55643213d634c46c3bfb79c8289a6c29) Importer(815301076,1909f56bfc062723c751e8b465ee728b)  -> (artifact id: 'f9cf90bf18c5effd8751afb9a4d3a441') in 0.028300 seconds
  Import took 0.031039 seconds .

========================================================================
Received Import Request.
  Time since last request: 0.000291 seconds.
  path: Assets/Course Library/Audio/Sound Effects/Gameplay/Zap_C_06_8-Bit_11025Hz.wav
  artifactKey: Guid(4a812d476bd234fcdad7cc31ff6e9473) Importer(815301076,1909f56bfc062723c751e8b465ee728b)
Start importing Assets/Course Library/Audio/Sound Effects/Gameplay/Zap_C_06_8-Bit_11025Hz.wav using Guid(4a812d476bd234fcdad7cc31ff6e9473) Importer(815301076,1909f56bfc062723c751e8b465ee728b)  -> (artifact id: 'acf5f9a9b7f11633067f6da5f9e6af5c') in 0.024906 seconds
  Import took 0.028415 seconds .

========================================================================
Received Import Request.
  Time since last request: 0.000254 seconds.
  path: Assets/Course Library/Audio/Sound Effects/Gameplay/Boom_C_07_8-Bit_11025Hz.wav
  artifactKey: Guid(c40d1b26de66d4a3a8cc9b58a973e3c5) Importer(815301076,1909f56bfc062723c751e8b465ee728b)
Start importing Assets/Course Library/Audio/Sound Effects/Gameplay/Boom_C_07_8-Bit_11025Hz.wav using Guid(c40d1b26de66d4a3a8cc9b58a973e3c5) Importer(815301076,1909f56bfc062723c751e8b465ee728b)  -> (artifact id: '83f44fbdfe20962592847c3005ece84a') in 0.028028 seconds
  Import took 0.030613 seconds .

========================================================================
Received Import Request.
  Time since last request: 0.000439 seconds.
  path: Assets/Course Library/Audio/Sound Effects/Gameplay/Boom_C_02_8-Bit_11025Hz.wav
  artifactKey: Guid(ef2cde67276e7490e860213ae5393038) Importer(815301076,1909f56bfc062723c751e8b465ee728b)
Start importing Assets/Course Library/Audio/Sound Effects/Gameplay/Boom_C_02_8-Bit_11025Hz.wav using Guid(ef2cde67276e7490e860213ae5393038) Importer(815301076,1909f56bfc062723c751e8b465ee728b)  -> (artifact id: 'a6cde8a7dc269de93dc0b0968071fcdb') in 0.026068 seconds
  Import took 0.028682 seconds .

========================================================================
Received Import Request.
  Time since last request: 0.000239 seconds.
  path: Assets/Course Library/Audio/Sound Effects/Gameplay/Zap_C_01_8-Bit_11025Hz.wav
  artifactKey: Guid(dc028d92bd81f4023ae9b67676dad909) Importer(815301076,1909f56bfc062723c751e8b465ee728b)
Start importing Assets/Course Library/Audio/Sound Effects/Gameplay/Zap_C_01_8-Bit_11025Hz.wav using Guid(dc028d92bd81f4023ae9b67676dad909) Importer(815301076,1909f56bfc062723c751e8b465ee728b)  -> (artifact id: '43ce3d771c239b69c7735d26c3fc0432') in 0.024267 seconds
  Import took 0.026947 seconds .

========================================================================
Received Import Request.
  Time since last request: 0.000240 seconds.
  path: Assets/Course Library/Audio/Sound Effects/Gameplay/Boom_C_05_8-Bit_11025Hz.wav
  artifactKey: Guid(eb8998f3b3d3a49db96a634bf39ed153) Importer(815301076,1909f56bfc062723c751e8b465ee728b)
Start importing Assets/Course Library/Audio/Sound Effects/Gameplay/Boom_C_05_8-Bit_11025Hz.wav using Guid(eb8998f3b3d3a49db96a634bf39ed153) Importer(815301076,1909f56bfc062723c751e8b465ee728b)  -> (artifact id: '31ec1058837d374acea51b69cbc74b79') in 0.025280 seconds
  Import took 0.028186 seconds .

========================================================================
Received Import Request.
  Time since last request: 0.000293 seconds.
  path: Assets/Course Library/Audio/Sound Effects/Gameplay/Zap_C_03_8-Bit_11025Hz.wav
  artifactKey: Guid(f0970a0c66ccd4b65b6e65f125fdbcdd) Importer(815301076,1909f56bfc062723c751e8b465ee728b)
Start importing Assets/Course Library/Audio/Sound Effects/Gameplay/Zap_C_03_8-Bit_11025Hz.wav using Guid(f0970a0c66ccd4b65b6e65f125fdbcdd) Importer(815301076,1909f56bfc062723c751e8b465ee728b)  -> (artifact id: '7cf1826b416034c2aeb2ce2280da3564') in 0.030099 seconds
  Import took 0.033155 seconds .

========================================================================
Received Import Request.
  Time since last request: 0.000322 seconds.
  path: Assets/Course Library/Audio/Sound Effects/Gameplay/Zap_C_08_8-Bit_11025Hz.wav
  artifactKey: Guid(97bce64899c904e64aeb37ca4fffa4b8) Importer(815301076,1909f56bfc062723c751e8b465ee728b)
Start importing Assets/Course Library/Audio/Sound Effects/Gameplay/Zap_C_08_8-Bit_11025Hz.wav using Guid(97bce64899c904e64aeb37ca4fffa4b8) Importer(815301076,1909f56bfc062723c751e8b465ee728b)  -> (artifact id: '5f3d53f851b8b80c3663401d3d23ba4f') in 0.025307 seconds
  Import took 0.028565 seconds .

========================================================================
Received Import Request.
  Time since last request: 0.000210 seconds.
  path: Assets/Course Library/Audio/Sound Effects/Gameplay/Blip_C_09_8-Bit_11025Hz.wav
  artifactKey: Guid(37549b8b11fe14a5faf0e30d4a97f159) Importer(815301076,1909f56bfc062723c751e8b465ee728b)
Start importing Assets/Course Library/Audio/Sound Effects/Gameplay/Blip_C_09_8-Bit_11025Hz.wav using Guid(37549b8b11fe14a5faf0e30d4a97f159) Importer(815301076,1909f56bfc062723c751e8b465ee728b)  -> (artifact id: 'eee190db4081e646cb56befa4d2411d7') in 0.026692 seconds
  Import took 0.030001 seconds .

========================================================================
Received Import Request.
  Time since last request: 0.000407 seconds.
  path: Assets/Course Library/Audio/Sound Effects/Gameplay/Hurt_C_06_8-Bit_11025Hz.wav
  artifactKey: Guid(7ec5ecf96d2fd4aae950ead923cf9ca0) Importer(815301076,1909f56bfc062723c751e8b465ee728b)
Start importing Assets/Course Library/Audio/Sound Effects/Gameplay/Hurt_C_06_8-Bit_11025Hz.wav using Guid(7ec5ecf96d2fd4aae950ead923cf9ca0) Importer(815301076,1909f56bfc062723c751e8b465ee728b)  -> (artifact id: '429c148b64b29b67104888b0e71c6de0') in 0.024114 seconds
  Import took 0.027267 seconds .

========================================================================
Received Import Request.
  Time since last request: 0.000421 seconds.
  path: Assets/Course Library/Audio/Sound Effects/Gameplay/Powering down 01_8-Bit_11025Hz.wav
  artifactKey: Guid(1184ee5b499594b22a5fd39511f52f6f) Importer(815301076,1909f56bfc062723c751e8b465ee728b)
Start importing Assets/Course Library/Audio/Sound Effects/Gameplay/Powering down 01_8-Bit_11025Hz.wav using Guid(1184ee5b499594b22a5fd39511f52f6f) Importer(815301076,1909f56bfc062723c751e8b465ee728b)  -> (artifact id: 'a3302aadc4cd782ed30d8736f3b06b73') in 0.025946 seconds
  Import took 0.028778 seconds .

========================================================================
Received Import Request.
  Time since last request: 0.000358 seconds.
  path: Assets/Course Library/Audio/Sound Effects/Gameplay/Hurt_C_07_8-Bit_11025Hz.wav
  artifactKey: Guid(07f1ca4d96bca46dbbaa5f4483f7a48a) Importer(815301076,1909f56bfc062723c751e8b465ee728b)
Start importing Assets/Course Library/Audio/Sound Effects/Gameplay/Hurt_C_07_8-Bit_11025Hz.wav using Guid(07f1ca4d96bca46dbbaa5f4483f7a48a) Importer(815301076,1909f56bfc062723c751e8b465ee728b)  -> (artifact id: '808216645af69899c3f0ab3faad73ea7') in 0.026530 seconds
  Import took 0.029371 seconds .

========================================================================
Received Import Request.
  Time since last request: 0.000407 seconds.
  path: Assets/Course Library/Audio/Sound Effects/Gameplay/Boom_C_03_8-Bit_11025Hz.wav
  artifactKey: Guid(f479efddb5f7647338aacc9397bd395e) Importer(815301076,1909f56bfc062723c751e8b465ee728b)
Start importing Assets/Course Library/Audio/Sound Effects/Gameplay/Boom_C_03_8-Bit_11025Hz.wav using Guid(f479efddb5f7647338aacc9397bd395e) Importer(815301076,1909f56bfc062723c751e8b465ee728b)  -> (artifact id: 'd55ab84622668ba9003f882ddfbab684') in 0.025462 seconds
  Import took 0.028552 seconds .

========================================================================
Received Import Request.
  Time since last request: 0.000338 seconds.
  path: Assets/Course Library/Audio/Sound Effects/Gameplay/Boom_C_04_8-Bit_11025Hz.wav
  artifactKey: Guid(9c87f285d32fa4569b77ddf3a7e6df5e) Importer(815301076,1909f56bfc062723c751e8b465ee728b)
Start importing Assets/Course Library/Audio/Sound Effects/Gameplay/Boom_C_04_8-Bit_11025Hz.wav using Guid(9c87f285d32fa4569b77ddf3a7e6df5e) Importer(815301076,1909f56bfc062723c751e8b465ee728b)  -> (artifact id: '427759feebfb6797bdd9f265b18fec06') in 0.024267 seconds
  Import took 0.028179 seconds .

========================================================================
Received Import Request.
  Time since last request: 0.000326 seconds.
  path: Assets/Course Library/Audio/Sound Effects/Gameplay/Zap_C_07_8-Bit_11025Hz.wav
  artifactKey: Guid(55ee0e07cc1304ec4aa0dacba6a249c2) Importer(815301076,1909f56bfc062723c751e8b465ee728b)
Start importing Assets/Course Library/Audio/Sound Effects/Gameplay/Zap_C_07_8-Bit_11025Hz.wav using Guid(55ee0e07cc1304ec4aa0dacba6a249c2) Importer(815301076,1909f56bfc062723c751e8b465ee728b)  -> (artifact id: 'c62d81d064df71f53a1efe82a54cf28d') in 0.024110 seconds
  Import took 0.027107 seconds .

========================================================================
Received Import Request.
  Time since last request: 130.365678 seconds.
  path: Assets/Prefab/Crate_01.prefab
  artifactKey: Guid(e7f34d7d1fb0a9d45a325348aeb4e6fe) Importer(815301076,1909f56bfc062723c751e8b465ee728b)
Start importing Assets/Prefab/Crate_01.prefab using Guid(e7f34d7d1fb0a9d45a325348aeb4e6fe) Importer(815301076,1909f56bfc062723c751e8b465ee728b)  -> (artifact id: 'c2c66ee18941ed8e059a5c360ea0efcf') in 0.067823 seconds
  Import took 0.070992 seconds .

========================================================================
Received Import Request.
  Time since last request: 22.002029 seconds.
  path: Assets/Prefab/Crate_01.prefab
  artifactKey: Guid(e7f34d7d1fb0a9d45a325348aeb4e6fe) Importer(815301076,1909f56bfc062723c751e8b465ee728b)
Start importing Assets/Prefab/Crate_01.prefab using Guid(e7f34d7d1fb0a9d45a325348aeb4e6fe) Importer(815301076,1909f56bfc062723c751e8b465ee728b)  -> (artifact id: 'b44d7a4094a5976f19053df41d4e407c') in 0.017219 seconds
  Import took 0.020359 seconds .

========================================================================
Received Prepare
Registering precompiled user dll's ...
Registered in 0.001041 seconds.
Begin MonoManager ReloadAssembly
Native extension for LinuxStandalone target not found
Native extension for WindowsStandalone target not found
Native extension for WebGL target not found
Refreshing native plugins compatible for Editor in 0.30 ms, found 0 plugins.
Preloading 0 native plugins for Editor in 0.00 ms.
Mono: successfully reloaded assembly
- Completed reload, in  1.101 seconds
Platform modules already initialized, skipping
Refreshing native plugins compatible for Editor in 0.32 ms, found 0 plugins.
Preloading 0 native plugins for Editor in 0.00 ms.
Unloading 1117 Unused Serialized files (Serialized files now loaded: 0)
System memory in use before: 62.2 MB.
System memory in use after: 62.3 MB.

Unloading 5 unused Assets to reduce memory usage. Loaded Objects now: 1601.
Total: 1.806300 ms (FindLiveObjects: 0.171800 ms CreateObjectMapping: 0.039100 ms MarkObjects: 1.463300 ms  DeleteObjects: 0.130600 ms)

========================================================================
Received Prepare
Registering precompiled user dll's ...
Registered in 0.001183 seconds.
Begin MonoManager ReloadAssembly
Native extension for LinuxStandalone target not found
Native extension for WindowsStandalone target not found
Native extension for WebGL target not found
Refreshing native plugins compatible for Editor in 0.36 ms, found 0 plugins.
Preloading 0 native plugins for Editor in 0.00 ms.
Mono: successfully reloaded assembly
- Completed reload, in  1.077 seconds
Platform modules already initialized, skipping
Refreshing native plugins compatible for Editor in 0.33 ms, found 0 plugins.
Preloading 0 native plugins for Editor in 0.00 ms.
Unloading 1117 Unused Serialized files (Serialized files now loaded: 0)
System memory in use before: 62.2 MB.
System memory in use after: 62.3 MB.

Unloading 5 unused Assets to reduce memory usage. Loaded Objects now: 1604.
Total: 2.379600 ms (FindLiveObjects: 0.231200 ms CreateObjectMapping: 0.097000 ms MarkObjects: 1.971700 ms  DeleteObjects: 0.078400 ms)

========================================================================
Received Prepare
Registering precompiled user dll's ...
Registered in 0.001654 seconds.
Begin MonoManager ReloadAssembly
Native extension for LinuxStandalone target not found
Native extension for WindowsStandalone target not found
Native extension for WebGL target not found
Refreshing native plugins compatible for Editor in 0.36 ms, found 0 plugins.
Preloading 0 native plugins for Editor in 0.00 ms.
Mono: successfully reloaded assembly
- Completed reload, in  1.023 seconds
Platform modules already initialized, skipping
Refreshing native plugins compatible for Editor in 0.35 ms, found 0 plugins.
Preloading 0 native plugins for Editor in 0.00 ms.
Unloading 1117 Unused Serialized files (Serialized files now loaded: 0)
System memory in use before: 62.2 MB.
System memory in use after: 62.3 MB.

Unloading 5 unused Assets to reduce memory usage. Loaded Objects now: 1607.
Total: 2.205600 ms (FindLiveObjects: 0.174600 ms CreateObjectMapping: 0.051800 ms MarkObjects: 1.903000 ms  DeleteObjects: 0.074900 ms)

========================================================================
Received Prepare
Registering precompiled user dll's ...
Registered in 0.000809 seconds.
Begin MonoManager ReloadAssembly
Native extension for LinuxStandalone target not found
Native extension for WindowsStandalone target not found
Native extension for WebGL target not found
Refreshing native plugins compatible for Editor in 0.29 ms, found 0 plugins.
Preloading 0 native plugins for Editor in 0.00 ms.
Mono: successfully reloaded assembly
- Completed reload, in  1.027 seconds
Platform modules already initialized, skipping
Refreshing native plugins compatible for Editor in 0.32 ms, found 0 plugins.
Preloading 0 native plugins for Editor in 0.00 ms.
Unloading 1117 Unused Serialized files (Serialized files now loaded: 0)
System memory in use before: 62.2 MB.
System memory in use after: 62.3 MB.

Unloading 5 unused Assets to reduce memory usage. Loaded Objects now: 1610.
Total: 2.081400 ms (FindLiveObjects: 0.299000 ms CreateObjectMapping: 0.064400 ms MarkObjects: 1.615200 ms  DeleteObjects: 0.101800 ms)

========================================================================
Received Import Request.
  Time since last request: 365.218896 seconds.
  path: Assets/Prefab/CrateContent/Star_01.prefab
  artifactKey: Guid(7bc251a7285632341a306c70a8f1cfbe) Importer(815301076,1909f56bfc062723c751e8b465ee728b)
Start importing Assets/Prefab/CrateContent/Star_01.prefab using Guid(7bc251a7285632341a306c70a8f1cfbe) Importer(815301076,1909f56bfc062723c751e8b465ee728b)  -> (artifact id: '5ca17720c16e3fe118e65a3f62cbbeea') in 0.084321 seconds
  Import took 0.087450 seconds .

========================================================================
Received Import Request.
  Time since last request: 3.415228 seconds.
  path: Assets/Course Library/Audio/Sound Effects/UI/Clack_Minimal UI Sounds.wav
  artifactKey: Guid(c33b0c5db5b354f099e05fa30b4605e8) Importer(815301076,1909f56bfc062723c751e8b465ee728b)
Start importing Assets/Course Library/Audio/Sound Effects/UI/Clack_Minimal UI Sounds.wav using Guid(c33b0c5db5b354f099e05fa30b4605e8) Importer(815301076,1909f56bfc062723c751e8b465ee728b)  -> (artifact id: '96cf745e0a7c1a977797c93b2baab889') in 0.029352 seconds
  Import took 0.032203 seconds .

========================================================================
Received Import Request.
  Time since last request: 0.000317 seconds.
  path: Assets/Course Library/Audio/Sound Effects/UI/Ping_Minimal UI Sounds.wav
  artifactKey: Guid(b9f0c283bed9b4ce29f3ba7ca4c2edc4) Importer(815301076,1909f56bfc062723c751e8b465ee728b)
Start importing Assets/Course Library/Audio/Sound Effects/UI/Ping_Minimal UI Sounds.wav using Guid(b9f0c283bed9b4ce29f3ba7ca4c2edc4) Importer(815301076,1909f56bfc062723c751e8b465ee728b)  -> (artifact id: '4b4c73454cca433617ff8fc3e9dd37da') in 0.026274 seconds
  Import took 0.030117 seconds .

========================================================================
Received Import Request.
  Time since last request: 0.000452 seconds.
  path: Assets/Course Library/Audio/Sound Effects/UI/Click 03_Minimal UI Sounds.wav
  artifactKey: Guid(a051eff23feab4ee4ad6fb3062150ba7) Importer(815301076,1909f56bfc062723c751e8b465ee728b)
Start importing Assets/Course Library/Audio/Sound Effects/UI/Click 03_Minimal UI Sounds.wav using Guid(a051eff23feab4ee4ad6fb3062150ba7) Importer(815301076,1909f56bfc062723c751e8b465ee728b)  -> (artifact id: 'bdefe6745e777934cf7b566e034c0d3f') in 0.027976 seconds
  Import took 0.031096 seconds .

========================================================================
Received Import Request.
  Time since last request: 0.000260 seconds.
  path: Assets/Course Library/Audio/Sound Effects/UI/Spacey Click_Minimal UI Sounds.wav
  artifactKey: Guid(da87512076eb14593b04fb7e58cad6b0) Importer(815301076,1909f56bfc062723c751e8b465ee728b)
Start importing Assets/Course Library/Audio/Sound Effects/UI/Spacey Click_Minimal UI Sounds.wav using Guid(da87512076eb14593b04fb7e58cad6b0) Importer(815301076,1909f56bfc062723c751e8b465ee728b)  -> (artifact id: 'b1fb38830a321cdff3670d08cc783a42') in 0.026032 seconds
  Import took 0.029147 seconds .

========================================================================
Received Import Request.
  Time since last request: 0.000354 seconds.
  path: Assets/Course Library/Audio/Sound Effects/UI/Click 02_Minimal UI Sounds.wav
  artifactKey: Guid(d04cbba9bbc6348ee871b50836a12812) Importer(815301076,1909f56bfc062723c751e8b465ee728b)
Start importing Assets/Course Library/Audio/Sound Effects/UI/Click 02_Minimal UI Sounds.wav using Guid(d04cbba9bbc6348ee871b50836a12812) Importer(815301076,1909f56bfc062723c751e8b465ee728b)  -> (artifact id: 'ebface07456a73f5dc3d8630fc2b4bf7') in 0.030165 seconds
  Import took 0.032800 seconds .

========================================================================
Received Import Request.
  Time since last request: 0.000293 seconds.
  path: Assets/Course Library/Audio/Sound Effects/UI/Tiny Click_Minimal UI Sounds.wav
  artifactKey: Guid(abca7b6d2197d4b31a1269c2d331bbd3) Importer(815301076,1909f56bfc062723c751e8b465ee728b)
Start importing Assets/Course Library/Audio/Sound Effects/UI/Tiny Click_Minimal UI Sounds.wav using Guid(abca7b6d2197d4b31a1269c2d331bbd3) Importer(815301076,1909f56bfc062723c751e8b465ee728b)  -> (artifact id: 'd879dfc505003a5190a00f7b335a3093') in 0.028707 seconds
  Import took 0.031800 seconds .

========================================================================
Received Import Request.
  Time since last request: 0.000270 seconds.
  path: Assets/Course Library/Audio/Sound Effects/UI/Click 01_Minimal UI Sounds.wav
  artifactKey: Guid(667390647aa874fe7a3dc7cd1fabdeef) Importer(815301076,1909f56bfc062723c751e8b465ee728b)
Start importing Assets/Course Library/Audio/Sound Effects/UI/Click 01_Minimal UI Sounds.wav using Guid(667390647aa874fe7a3dc7cd1fabdeef) Importer(815301076,1909f56bfc062723c751e8b465ee728b)  -> (artifact id: '7bbdc8d79b03bacace70c16f237195dd') in 0.026863 seconds
  Import took 0.030803 seconds .

========================================================================
Received Import Request.
  Time since last request: 0.000502 seconds.
  path: Assets/Course Library/Audio/Sound Effects/UI/Coarse Click_Minimal UI Sounds.wav
  artifactKey: Guid(4e3603de7732b4cd9ba7bc643cd59c99) Importer(815301076,1909f56bfc062723c751e8b465ee728b)
Start importing Assets/Course Library/Audio/Sound Effects/UI/Coarse Click_Minimal UI Sounds.wav using Guid(4e3603de7732b4cd9ba7bc643cd59c99) Importer(815301076,1909f56bfc062723c751e8b465ee728b)  -> (artifact id: '37dcd539d5e3c99d39b86d2bd28d20ed') in 0.031327 seconds
  Import took 0.035262 seconds .

========================================================================
Received Import Request.
  Time since last request: 0.000378 seconds.
  path: Assets/Course Library/Audio/Sound Effects/UI/Click 04_Minimal UI Sounds.wav
  artifactKey: Guid(270b3ccc2ae83498faa7d1166b4a85b3) Importer(815301076,1909f56bfc062723c751e8b465ee728b)
Start importing Assets/Course Library/Audio/Sound Effects/UI/Click 04_Minimal UI Sounds.wav using Guid(270b3ccc2ae83498faa7d1166b4a85b3) Importer(815301076,1909f56bfc062723c751e8b465ee728b)  -> (artifact id: '08f955534ec818f2accca2dae86742f4') in 0.035337 seconds
  Import took 0.038598 seconds .

========================================================================
Received Import Request.
  Time since last request: 0.000298 seconds.
  path: Assets/Course Library/Audio/Sound Effects/UI/Funny Click_Minimal UI Sounds.wav
  artifactKey: Guid(c053c3d2a711144dcb83ba80730f20a6) Importer(815301076,1909f56bfc062723c751e8b465ee728b)
Start importing Assets/Course Library/Audio/Sound Effects/UI/Funny Click_Minimal UI Sounds.wav using Guid(c053c3d2a711144dcb83ba80730f20a6) Importer(815301076,1909f56bfc062723c751e8b465ee728b)  -> (artifact id: 'b900d549423989ad6a78b1de37ded262') in 0.030009 seconds
  Import took 0.033447 seconds .

========================================================================
Received Import Request.
  Time since last request: 6.376198 seconds.
  path: Assets/Prefab/CrateContent/Star_01.prefab
  artifactKey: Guid(7bc251a7285632341a306c70a8f1cfbe) Importer(815301076,1909f56bfc062723c751e8b465ee728b)
Start importing Assets/Prefab/CrateContent/Star_01.prefab using Guid(7bc251a7285632341a306c70a8f1cfbe) Importer(815301076,1909f56bfc062723c751e8b465ee728b)  -> (artifact id: '70d8d996e38bef0eb81ae8c7e7a0755e') in 0.013182 seconds
  Import took 0.016287 seconds .

========================================================================
Received Import Request.
  Time since last request: 1.385795 seconds.
  path: Assets/Prefab/CrateContent/Star_01.prefab
  artifactKey: Guid(7bc251a7285632341a306c70a8f1cfbe) Importer(815301076,1909f56bfc062723c751e8b465ee728b)
Start importing Assets/Prefab/CrateContent/Star_01.prefab using Guid(7bc251a7285632341a306c70a8f1cfbe) Importer(815301076,1909f56bfc062723c751e8b465ee728b)  -> (artifact id: '757367e86332d70829ef965cfb129539') in 0.012588 seconds
  Import took 0.016240 seconds .

========================================================================
Received Prepare
Registering precompiled user dll's ...
Registered in 0.001468 seconds.
Begin MonoManager ReloadAssembly
Native extension for LinuxStandalone target not found
Native extension for WindowsStandalone target not found
Native extension for WebGL target not found
Refreshing native plugins compatible for Editor in 0.49 ms, found 0 plugins.
Preloading 0 native plugins for Editor in 0.00 ms.
Mono: successfully reloaded assembly
- Completed reload, in  1.100 seconds
Platform modules already initialized, skipping
Refreshing native plugins compatible for Editor in 0.31 ms, found 0 plugins.
Preloading 0 native plugins for Editor in 0.00 ms.
Unloading 1117 Unused Serialized files (Serialized files now loaded: 0)
System memory in use before: 62.3 MB.
System memory in use after: 62.3 MB.

Unloading 5 unused Assets to reduce memory usage. Loaded Objects now: 1614.
Total: 2.914800 ms (FindLiveObjects: 0.425500 ms CreateObjectMapping: 0.098500 ms MarkObjects: 2.252300 ms  DeleteObjects: 0.137500 ms)

========================================================================
Received Prepare
Registering precompiled user dll's ...
Registered in 0.001054 seconds.
Begin MonoManager ReloadAssembly
Native extension for LinuxStandalone target not found
Native extension for WindowsStandalone target not found
Native extension for WebGL target not found
Refreshing native plugins compatible for Editor in 0.31 ms, found 0 plugins.
Preloading 0 native plugins for Editor in 0.00 ms.
Mono: successfully reloaded assembly
- Completed reload, in  1.079 seconds
Platform modules already initialized, skipping
Refreshing native plugins compatible for Editor in 0.32 ms, found 0 plugins.
Preloading 0 native plugins for Editor in 0.00 ms.
Unloading 1117 Unused Serialized files (Serialized files now loaded: 0)
System memory in use before: 62.3 MB.
System memory in use after: 62.3 MB.

Unloading 5 unused Assets to reduce memory usage. Loaded Objects now: 1617.
Total: 3.152600 ms (FindLiveObjects: 0.378300 ms CreateObjectMapping: 0.087100 ms MarkObjects: 2.558100 ms  DeleteObjects: 0.127300 ms)

========================================================================
Received Prepare
Registering precompiled user dll's ...
Registered in 0.000865 seconds.
Begin MonoManager ReloadAssembly
Native extension for LinuxStandalone target not found
Native extension for WindowsStandalone target not found
Native extension for WebGL target not found
Refreshing native plugins compatible for Editor in 0.31 ms, found 0 plugins.
Preloading 0 native plugins for Editor in 0.00 ms.
Mono: successfully reloaded assembly
- Completed reload, in  1.111 seconds
Platform modules already initialized, skipping
Refreshing native plugins compatible for Editor in 0.47 ms, found 0 plugins.
Preloading 0 native plugins for Editor in 0.00 ms.
Unloading 1117 Unused Serialized files (Serialized files now loaded: 0)
System memory in use before: 62.3 MB.
System memory in use after: 62.3 MB.

Unloading 5 unused Assets to reduce memory usage. Loaded Objects now: 1620.
Total: 5.890900 ms (FindLiveObjects: 0.364100 ms CreateObjectMapping: 0.115600 ms MarkObjects: 5.294600 ms  DeleteObjects: 0.113400 ms)

========================================================================
Received Prepare
Registering precompiled user dll's ...
Registered in 0.000874 seconds.
Begin MonoManager ReloadAssembly
Native extension for LinuxStandalone target not found
Native extension for WindowsStandalone target not found
Native extension for WebGL target not found
Refreshing native plugins compatible for Editor in 0.51 ms, found 0 plugins.
Preloading 0 native plugins for Editor in 0.00 ms.
Mono: successfully reloaded assembly
- Completed reload, in  1.132 seconds
Platform modules already initialized, skipping
Refreshing native plugins compatible for Editor in 0.32 ms, found 0 plugins.
Preloading 0 native plugins for Editor in 0.00 ms.
Unloading 1117 Unused Serialized files (Serialized files now loaded: 0)
System memory in use before: 62.3 MB.
System memory in use after: 62.3 MB.

Unloading 5 unused Assets to reduce memory usage. Loaded Objects now: 1623.
Total: 2.053800 ms (FindLiveObjects: 0.217000 ms CreateObjectMapping: 0.046400 ms MarkObjects: 1.728200 ms  DeleteObjects: 0.061300 ms)

========================================================================
Received Import Request.
  Time since last request: 511.493649 seconds.
  path: Assets/Scenes/MainMenu.unity
  artifactKey: Guid(9fc0d4010bbf28b4594072e72b8655ab) Importer(815301076,1909f56bfc062723c751e8b465ee728b)
Start importing Assets/Scenes/MainMenu.unity using Guid(9fc0d4010bbf28b4594072e72b8655ab) Importer(815301076,1909f56bfc062723c751e8b465ee728b)  -> (artifact id: 'd184c93282665df68b203092eb0f8b1e') in 0.017564 seconds
  Import took 0.020469 seconds .

========================================================================
Received Import Request.
  Time since last request: 60.759491 seconds.
  path: Assets/Scenes/Main.unity
  artifactKey: Guid(f64decd74b0bede41877159155f55878) Importer(815301076,1909f56bfc062723c751e8b465ee728b)
Start importing Assets/Scenes/Main.unity using Guid(f64decd74b0bede41877159155f55878) Importer(815301076,1909f56bfc062723c751e8b465ee728b)  -> (artifact id: '59f53df177fc5fbcf46b7493c088baff') in 0.004979 seconds
  Import took 0.007641 seconds .

========================================================================
Received Import Request.
  Time since last request: 0.001724 seconds.
  path: Assets/Scenes/Main.unity
  artifactKey: Guid(f64decd74b0bede41877159155f55878) Importer(815301076,1909f56bfc062723c751e8b465ee728b)
Start importing Assets/Scenes/Main.unity using Guid(f64decd74b0bede41877159155f55878) Importer(815301076,1909f56bfc062723c751e8b465ee728b)  -> (artifact id: '59f53df177fc5fbcf46b7493c088baff') in 0.004962 seconds
  Import took 0.008091 seconds .

========================================================================
Received Prepare
Registering precompiled user dll's ...
Registered in 0.000979 seconds.
Begin MonoManager ReloadAssembly
Native extension for LinuxStandalone target not found
Native extension for WindowsStandalone target not found
Native extension for WebGL target not found
Refreshing native plugins compatible for Editor in 0.28 ms, found 0 plugins.
Preloading 0 native plugins for Editor in 0.00 ms.
Mono: successfully reloaded assembly
- Completed reload, in  1.122 seconds
Platform modules already initialized, skipping
Refreshing native plugins compatible for Editor in 0.35 ms, found 0 plugins.
Preloading 0 native plugins for Editor in 0.00 ms.
Unloading 1117 Unused Serialized files (Serialized files now loaded: 0)
System memory in use before: 62.3 MB.
System memory in use after: 62.4 MB.

Unloading 5 unused Assets to reduce memory usage. Loaded Objects now: 1626.
Total: 1.941100 ms (FindLiveObjects: 0.318600 ms CreateObjectMapping: 0.114900 ms MarkObjects: 1.403100 ms  DeleteObjects: 0.103300 ms)

========================================================================
Received Import Request.
  Time since last request: 82.358166 seconds.
  path: Assets/Scripts/Content.cs
  artifactKey: Guid(ea6e255b271c0574b993fa787424d217) Importer(815301076,1909f56bfc062723c751e8b465ee728b)
Start importing Assets/Scripts/Content.cs using Guid(ea6e255b271c0574b993fa787424d217) Importer(815301076,1909f56bfc062723c751e8b465ee728b)  -> (artifact id: '2848b3d9df033b016f1b7e99bf44dc8c') in 0.015259 seconds
  Import took 0.018131 seconds .

========================================================================
Received Import Request.
  Time since last request: 8.049312 seconds.
  path: Assets/Prefab/Crate_01.prefab
  artifactKey: Guid(e7f34d7d1fb0a9d45a325348aeb4e6fe) Importer(815301076,1909f56bfc062723c751e8b465ee728b)
Start importing Assets/Prefab/Crate_01.prefab using Guid(e7f34d7d1fb0a9d45a325348aeb4e6fe) Importer(815301076,1909f56bfc062723c751e8b465ee728b)  -> (artifact id: '2fd22aa1f491053a910eefe31d9c8f15') in 0.088016 seconds
  Import took 0.090980 seconds .

========================================================================
Received Prepare
Registering precompiled user dll's ...
Registered in 0.001187 seconds.
Begin MonoManager ReloadAssembly
Native extension for LinuxStandalone target not found
Native extension for WindowsStandalone target not found
Native extension for WebGL target not found
Refreshing native plugins compatible for Editor in 0.24 ms, found 0 plugins.
Preloading 0 native plugins for Editor in 0.00 ms.
Mono: successfully reloaded assembly
- Completed reload, in  0.850 seconds
Platform modules already initialized, skipping
Refreshing native plugins compatible for Editor in 0.32 ms, found 0 plugins.
Preloading 0 native plugins for Editor in 0.00 ms.
Unloading 1117 Unused Serialized files (Serialized files now loaded: 0)
System memory in use before: 62.3 MB.
System memory in use after: 62.4 MB.

Unloading 5 unused Assets to reduce memory usage. Loaded Objects now: 1630.
Total: 1.997000 ms (FindLiveObjects: 0.156100 ms CreateObjectMapping: 0.059600 ms MarkObjects: 1.689300 ms  DeleteObjects: 0.091200 ms)

========================================================================
Received Prepare
Registering precompiled user dll's ...
Registered in 0.001205 seconds.
Begin MonoManager ReloadAssembly
Native extension for LinuxStandalone target not found
Native extension for WindowsStandalone target not found
Native extension for WebGL target not found
Refreshing native plugins compatible for Editor in 0.21 ms, found 0 plugins.
Preloading 0 native plugins for Editor in 0.00 ms.
Mono: successfully reloaded assembly
- Completed reload, in  0.748 seconds
Platform modules already initialized, skipping
Refreshing native plugins compatible for Editor in 0.41 ms, found 0 plugins.
Preloading 0 native plugins for Editor in 0.00 ms.
Unloading 1117 Unused Serialized files (Serialized files now loaded: 0)
System memory in use before: 62.3 MB.
System memory in use after: 62.4 MB.

Unloading 5 unused Assets to reduce memory usage. Loaded Objects now: 1633.
Total: 4.235700 ms (FindLiveObjects: 0.650400 ms CreateObjectMapping: 0.326800 ms MarkObjects: 3.170000 ms  DeleteObjects: 0.084500 ms)

